п»ї
> queue-management-backend@1.0.0 verify
> ts-node src/utils/verify-db.ts

в‰ЎЖ’Г¶Г¬ Verifying database setup...

О“ВЈГ  Connected to PostgreSQL database
в‰ЎЖ’ГґГЁ Tables created:
   О“ВЈГґ analytics_cache
   О“ВЈГґ counters
   О“ВЈГґ queue_logs
   О“ВЈГґ queues
   О“ВЈГґ service_types
   О“ВЈГґ staff
   О“ВЈГґ token_counter
   О“ВЈГґ users

в‰ЎЖ’Г…Гі Service Types: 5
   О“ВЈГґ General Inquiry (10 min)
   О“ВЈГґ Account Opening (15 min)
   О“ВЈГґ Bill Payment (8 min)
   О“ВЈГґ Document Verification (12 min)
   О“ВЈГґ Customer Support (20 min)

в‰ЎЖ’Г»Г‘в€©в••Г…  Counters: 3
   О“ВЈГґ General Inquiry - free
   О“ВЈГґ Account Opening - free
   О“ВЈГґ Bill Payment - free

О“ВЈГ  Database verification complete!
